  Checking Build System
  CMake does not need to re-run because C:/Users/has163/DESKTOP/lab3/build/CMakeFiles/generate.stamp is up-to-date.
  CMake does not need to re-run because C:/Users/has163/DESKTOP/lab3/build/thirdparty/CMakeFiles/generate.stamp is up-to-date.
  CMake does not need to re-run because C:/Users/has163/DESKTOP/lab3/build/thirdparty/libz/CMakeFiles/generate.stamp is up-to-date.
  CMake does not need to re-run because C:/Users/has163/DESKTOP/lab3/build/thirdparty/libpng/CMakeFiles/generate.stamp is up-to-date.
  CMake does not need to re-run because C:/Users/has163/DESKTOP/lab3/build/thirdparty/libtiff/CMakeFiles/generate.stamp is up-to-date.
  CMake does not need to re-run because C:/Users/has163/DESKTOP/lab3/build/thirdparty/liblcms2/CMakeFiles/generate.stamp is up-to-date.
  CMake does not need to re-run because C:/Users/has163/DESKTOP/lab3/build/thirdparty/libpthreads/CMakeFiles/generate.stamp is up-to-date.
  CMake does not need to re-run because C:/Users/has163/DESKTOP/lab3/build/Src/CMakeFiles/generate.stamp is up-to-date.
  CMake is re-running because C:/Users/has163/DESKTOP/lab3/build/Src/Qagent/CMakeFiles/generate.stamp is out-of-date.
    the file 'C:/Users/has163/DESKTOP/lab3/build/Src/Qagent/CMakeFiles/qagent.dir/qagent_generated_agent.cu.obj.depend'
    is newer than 'C:/Users/has163/DESKTOP/lab3/build/Src/Qagent/CMakeFiles/generate.stamp.depend'
    result='-1'
  -- Selecting Windows SDK version 10.0.16299.0 to target Windows 10.0.19041.
  Windows
  64
  -- Found NVTX: C:/Program Files/NVIDIA Corporation/NvToolsExt/include
  -- Found GLEW: C:/ProgramData/NVIDIA Corporation/CUDA Samples/v10.1/common/lib/x64/glew64.lib
  -- Found FREEGLUT: C:/ProgramData/NVIDIA Corporation/CUDA Samples/v10.1/common/lib/x64/freeglut.lib
  -- We will build Z lib from thirdparty
  -- We will build PNG lib from thirdparty
  -- We will build TIFF lib from thirdparty
  check zlib
  -- We will build LCMS2 lib from thirdparty
  -- We will build pthread lib from thirdparty
  Building pthreads-win32 with C setjmp/longjmp (default/recommended exception scheme).
  Library name of pthreads-win32: pthreadsVC2.
  -- Configuring done
  -- Generating done
  -- Build files have been written to: C:/Users/has163/DESKTOP/lab3/build
